<?xml version="1.0" encoding="utf-8"?><testsuites name="pytest tests"><testsuite name="pytest" errors="0" failures="0" skipped="0" tests="8" time="3.463" timestamp="2026-05-23T19:37:49.605099+00:00" hostname="agent-env-df20104d-1a77-4baa-a250-f5286d06552e"><testcase classname="backend.tests.test_sprint4" name="test_rename_simple" time="1.153" /><testcase classname="backend.tests.test_sprint4" name="test_rename_auto_appends_pdf" time="0.217" /><testcase classname="backend.tests.test_sprint4" name="test_rename_strips_whitespace" time="0.234" /><testcase classname="backend.tests.test_sprint4" name="test_rename_empty_returns_400" time="0.193" /><testcase classname="backend.tests.test_sprint4" name="test_rename_nonexistent_returns_404" time="0.048" /><testcase classname="backend.tests.test_sprint4" name="test_rename_too_long_returns_400" time="0.198" /><testcase classname="backend.tests.test_sprint4" name="test_rename_parent_refreshes_children_signed_filename" time="0.916" /><testcase classname="backend.tests.test_sprint4" name="test_rename_unsigned_child_does_not_create_signed_filename" time="0.426" /></testsuite></testsuites>