<?xml version="1.0" encoding="utf-8"?><testsuites name="pytest tests"><testsuite name="pytest" errors="0" failures="0" skipped="0" tests="8" time="3.167" timestamp="2026-05-23T19:49:20.008003+00:00" hostname="agent-env-df20104d-1a77-4baa-a250-f5286d06552e"><testcase classname="backend.tests.test_sprint5" name="test_download_merged_parent_with_children" time="0.943" /><testcase classname="backend.tests.test_sprint5" name="test_download_merged_parent_only" time="0.170" /><testcase classname="backend.tests.test_sprint5" name="test_download_merged_child_falls_back_to_folder" time="0.476" /><testcase classname="backend.tests.test_sprint5" name="test_download_merged_signed_content_priority" time="0.758" /><testcase classname="backend.tests.test_sprint5" name="test_download_merged_404_on_unknown_id" time="0.051" /><testcase classname="backend.tests.test_sprint5" name="test_download_merged_requires_auth" time="0.227" /><testcase classname="backend.tests.test_sprint5" name="test_download_single_file_still_works" time="0.168" /><testcase classname="backend.tests.test_sprint5" name="test_download_single_file_requires_auth" time="0.256" /></testsuite></testsuites>